<?xml version="1.0" encoding="UTF-8"?>
<!-- Generated by org.testng.reporters.JUnitXMLReporter -->
<testsuite ignored="0" hostname="DESKTOP-PP2LQR6" failures="1" tests="3" name="Edge on macOS Ventura" time="135.46" errors="0" timestamp="2025-01-12T16:05:59 IST">
  <testcase classname="seleniumPKG.mac_Edge_Selenium" name="testSimpleFormDemo" time="5.255"/>
  <testcase classname="seleniumPKG.mac_Edge_Selenium" name="testDragAndDropSlider" time="4.854"/>
  <testcase classname="seleniumPKG.mac_Edge_Selenium" name="testInputFormSubmit" time="4.311">
    <failure type="java.lang.AssertionError" message="expected [Please fill out this field.] but found [Please fill in this field.]">
      <![CDATA[java.lang.AssertionError: expected [Please fill out this field.] but found [Please fill in this field.]
at seleniumPKG.mac_Edge_Selenium.testInputFormSubmit(mac_Edge_Selenium.java:112)
at java.base/java.util.concurrent.FutureTask.run(FutureTask.java:317)
at java.base/java.util.concurrent.ThreadPoolExecutor.runWorker(ThreadPoolExecutor.java:1144)
at java.base/java.util.concurrent.ThreadPoolExecutor$Worker.run(ThreadPoolExecutor.java:642)
at java.base/java.lang.Thread.run(Thread.java:1575)
... Removed 12 stack frames]]>
    </failure>
  </testcase> <!-- testInputFormSubmit -->
</testsuite> <!-- Edge on macOS Ventura -->
